[1.212s] DEBUG:colcon:Command line arguments: ['/usr/bin/colcon', 'build']
[1.212s] DEBUG:colcon:Parsed command line arguments: Namespace(ament_cmake_args=None, base_paths=['.'], build_base='build', catkin_cmake_args=None, catkin_skip_building_tests=False, cmake_args=None, cmake_clean_cache=False, cmake_clean_first=False, cmake_force_configure=False, cmake_target=None, cmake_target_skip_unavailable=False, continue_on_error=False, event_handlers=None, executor='parallel', ignore_user_meta=False, install_base='install', log_base=None, log_level=None, main=<bound method BuildVerb.main of <colcon_core.verb.build.BuildVerb object at 0x7f7a60117550>>, merge_install=False, metas=['./colcon.meta'], packages_above=None, packages_above_and_dependencies=None, packages_above_depth=None, packages_end=None, packages_ignore=None, packages_ignore_regex=None, packages_select=None, packages_select_build_failed=False, packages_select_by_dep=None, packages_select_regex=None, packages_select_test_failures=False, packages_skip=None, packages_skip_build_finished=False, packages_skip_by_dep=None, packages_skip_regex=None, packages_skip_test_passed=False, packages_skip_up_to=None, packages_start=None, packages_up_to=None, packages_up_to_regex=None, parallel_workers=8, paths=None, symlink_install=False, test_result_base=None, verb_extension=<colcon_core.verb.build.BuildVerb object at 0x7f7a60117550>, verb_name='build', verb_parser=<colcon_defaults.argument_parser.defaults.DefaultArgumentsDecorator object at 0x7f7a60117a90>)
[1.297s] Level 1:colcon.colcon_core.package_discovery:discover_packages(colcon_meta) check parameters
[1.297s] Level 1:colcon.colcon_core.package_discovery:discover_packages(recursive) check parameters
[1.297s] Level 1:colcon.colcon_core.package_discovery:discover_packages(ignore) check parameters
[1.297s] Level 1:colcon.colcon_core.package_discovery:discover_packages(path) check parameters
[1.298s] Level 1:colcon.colcon_core.package_discovery:discover_packages(colcon_meta) discover
[1.298s] Level 1:colcon.colcon_core.package_discovery:discover_packages(recursive) discover
[1.298s] INFO:colcon.colcon_core.package_discovery:Crawling recursively for packages in '/workspace/racecar_project/racecar_gazebo'
[1.299s] Level 1:colcon.colcon_core.package_identification:_identify(.) by extensions ['ignore', 'ignore_ament_install']
[1.299s] Level 1:colcon.colcon_core.package_identification:_identify(.) by extension 'ignore'
[1.299s] Level 1:colcon.colcon_core.package_identification:_identify(.) by extension 'ignore_ament_install'
[1.300s] Level 1:colcon.colcon_core.package_identification:_identify(.) by extensions ['colcon_pkg']
[1.300s] Level 1:colcon.colcon_core.package_identification:_identify(.) by extension 'colcon_pkg'
[1.300s] Level 1:colcon.colcon_core.package_identification:_identify(.) by extensions ['colcon_meta']
[1.300s] Level 1:colcon.colcon_core.package_identification:_identify(.) by extension 'colcon_meta'
[1.301s] Level 1:colcon.colcon_core.package_identification:_identify(.) by extensions ['ros']
[1.301s] Level 1:colcon.colcon_core.package_identification:_identify(.) by extension 'ros'
[1.334s] Level 1:colcon.colcon_core.package_identification:_identify(.) by extensions ['cmake', 'python']
[1.334s] Level 1:colcon.colcon_core.package_identification:_identify(.) by extension 'cmake'
[1.334s] Level 1:colcon.colcon_core.package_identification:_identify(.) by extension 'python'
[1.334s] Level 1:colcon.colcon_core.package_identification:_identify(.) by extensions ['python_setup_py']
[1.334s] Level 1:colcon.colcon_core.package_identification:_identify(.) by extension 'python_setup_py'
[1.334s] Level 1:colcon.colcon_core.package_identification:_identify(build) by extensions ['ignore', 'ignore_ament_install']
[1.334s] Level 1:colcon.colcon_core.package_identification:_identify(build) by extension 'ignore'
[1.334s] Level 1:colcon.colcon_core.package_identification:_identify(build) ignored
[1.334s] Level 1:colcon.colcon_core.package_identification:_identify(install) by extensions ['ignore', 'ignore_ament_install']
[1.335s] Level 1:colcon.colcon_core.package_identification:_identify(install) by extension 'ignore'
[1.335s] Level 1:colcon.colcon_core.package_identification:_identify(install) ignored
[1.335s] Level 1:colcon.colcon_core.package_identification:_identify(log) by extensions ['ignore', 'ignore_ament_install']
[1.335s] Level 1:colcon.colcon_core.package_identification:_identify(log) by extension 'ignore'
[1.335s] Level 1:colcon.colcon_core.package_identification:_identify(log) ignored
[1.335s] Level 1:colcon.colcon_core.package_identification:_identify(racecar_control) by extensions ['ignore', 'ignore_ament_install']
[1.335s] Level 1:colcon.colcon_core.package_identification:_identify(racecar_control) by extension 'ignore'
[1.335s] Level 1:colcon.colcon_core.package_identification:_identify(racecar_control) by extension 'ignore_ament_install'
[1.335s] Level 1:colcon.colcon_core.package_identification:_identify(racecar_control) by extensions ['colcon_pkg']
[1.335s] Level 1:colcon.colcon_core.package_identification:_identify(racecar_control) by extension 'colcon_pkg'
[1.335s] Level 1:colcon.colcon_core.package_identification:_identify(racecar_control) by extensions ['colcon_meta']
[1.336s] Level 1:colcon.colcon_core.package_identification:_identify(racecar_control) by extension 'colcon_meta'
[1.336s] Level 1:colcon.colcon_core.package_identification:_identify(racecar_control) by extensions ['ros']
[1.336s] Level 1:colcon.colcon_core.package_identification:_identify(racecar_control) by extension 'ros'
[1.378s] DEBUG:colcon.colcon_core.package_identification:Package 'racecar_control' with type 'ros.ament_python' and name 'racecar_control'
[1.378s] Level 1:colcon.colcon_core.package_identification:_identify(racecar_description) by extensions ['ignore', 'ignore_ament_install']
[1.379s] Level 1:colcon.colcon_core.package_identification:_identify(racecar_description) by extension 'ignore'
[1.379s] Level 1:colcon.colcon_core.package_identification:_identify(racecar_description) by extension 'ignore_ament_install'
[1.379s] Level 1:colcon.colcon_core.package_identification:_identify(racecar_description) by extensions ['colcon_pkg']
[1.380s] Level 1:colcon.colcon_core.package_identification:_identify(racecar_description) by extension 'colcon_pkg'
[1.380s] Level 1:colcon.colcon_core.package_identification:_identify(racecar_description) by extensions ['colcon_meta']
[1.380s] Level 1:colcon.colcon_core.package_identification:_identify(racecar_description) by extension 'colcon_meta'
[1.380s] Level 1:colcon.colcon_core.package_identification:_identify(racecar_description) by extensions ['ros']
[1.380s] Level 1:colcon.colcon_core.package_identification:_identify(racecar_description) by extension 'ros'
[1.394s] DEBUG:colcon.colcon_core.package_identification:Package 'racecar_description' with type 'ros.ament_python' and name 'racecar_description'
[1.395s] Level 1:colcon.colcon_core.package_identification:_identify(racecar_gazebo) by extensions ['ignore', 'ignore_ament_install']
[1.395s] Level 1:colcon.colcon_core.package_identification:_identify(racecar_gazebo) by extension 'ignore'
[1.396s] Level 1:colcon.colcon_core.package_identification:_identify(racecar_gazebo) by extension 'ignore_ament_install'
[1.396s] Level 1:colcon.colcon_core.package_identification:_identify(racecar_gazebo) by extensions ['colcon_pkg']
[1.396s] Level 1:colcon.colcon_core.package_identification:_identify(racecar_gazebo) by extension 'colcon_pkg'
[1.396s] Level 1:colcon.colcon_core.package_identification:_identify(racecar_gazebo) by extensions ['colcon_meta']
[1.397s] Level 1:colcon.colcon_core.package_identification:_identify(racecar_gazebo) by extension 'colcon_meta'
[1.397s] Level 1:colcon.colcon_core.package_identification:_identify(racecar_gazebo) by extensions ['ros']
[1.397s] Level 1:colcon.colcon_core.package_identification:_identify(racecar_gazebo) by extension 'ros'
[1.403s] DEBUG:colcon.colcon_core.package_identification:Package 'racecar_gazebo' with type 'ros.ament_python' and name 'racecar_gazebo'
[1.404s] Level 1:colcon.colcon_core.package_identification:_identify(racecar_realsense) by extensions ['ignore', 'ignore_ament_install']
[1.404s] Level 1:colcon.colcon_core.package_identification:_identify(racecar_realsense) by extension 'ignore'
[1.405s] Level 1:colcon.colcon_core.package_identification:_identify(racecar_realsense) by extension 'ignore_ament_install'
[1.405s] Level 1:colcon.colcon_core.package_identification:_identify(racecar_realsense) by extensions ['colcon_pkg']
[1.405s] Level 1:colcon.colcon_core.package_identification:_identify(racecar_realsense) by extension 'colcon_pkg'
[1.405s] Level 1:colcon.colcon_core.package_identification:_identify(racecar_realsense) by extensions ['colcon_meta']
[1.405s] Level 1:colcon.colcon_core.package_identification:_identify(racecar_realsense) by extension 'colcon_meta'
[1.406s] Level 1:colcon.colcon_core.package_identification:_identify(racecar_realsense) by extensions ['ros']
[1.406s] Level 1:colcon.colcon_core.package_identification:_identify(racecar_realsense) by extension 'ros'
[1.408s] DEBUG:colcon.colcon_core.package_identification:Package 'racecar_realsense' with type 'ros.ament_cmake' and name 'racecar_realsense'
[1.408s] Level 1:colcon.colcon_core.package_discovery:discover_packages(recursive) using defaults
[1.408s] Level 1:colcon.colcon_core.package_discovery:discover_packages(ignore) discover
[1.409s] Level 1:colcon.colcon_core.package_discovery:discover_packages(ignore) using defaults
[1.409s] Level 1:colcon.colcon_core.package_discovery:discover_packages(path) discover
[1.409s] Level 1:colcon.colcon_core.package_discovery:discover_packages(path) using defaults
[1.562s] Level 5:colcon.colcon_core.verb:set package 'racecar_control' build argument 'cmake_args' from command line to 'None'
[1.562s] Level 5:colcon.colcon_core.verb:set package 'racecar_control' build argument 'cmake_target' from command line to 'None'
[1.562s] Level 5:colcon.colcon_core.verb:set package 'racecar_control' build argument 'cmake_target_skip_unavailable' from command line to 'False'
[1.562s] Level 5:colcon.colcon_core.verb:set package 'racecar_control' build argument 'cmake_clean_cache' from command line to 'False'
[1.562s] Level 5:colcon.colcon_core.verb:set package 'racecar_control' build argument 'cmake_clean_first' from command line to 'False'
[1.562s] Level 5:colcon.colcon_core.verb:set package 'racecar_control' build argument 'cmake_force_configure' from command line to 'False'
[1.562s] Level 5:colcon.colcon_core.verb:set package 'racecar_control' build argument 'ament_cmake_args' from command line to 'None'
[1.562s] Level 5:colcon.colcon_core.verb:set package 'racecar_control' build argument 'catkin_cmake_args' from command line to 'None'
[1.562s] Level 5:colcon.colcon_core.verb:set package 'racecar_control' build argument 'catkin_skip_building_tests' from command line to 'False'
[1.562s] DEBUG:colcon.colcon_core.verb:Building package 'racecar_control' with the following arguments: {'ament_cmake_args': None, 'build_base': '/workspace/racecar_project/racecar_gazebo/build/racecar_control', 'catkin_cmake_args': None, 'catkin_skip_building_tests': False, 'cmake_args': None, 'cmake_clean_cache': False, 'cmake_clean_first': False, 'cmake_force_configure': False, 'cmake_target': None, 'cmake_target_skip_unavailable': False, 'install_base': '/workspace/racecar_project/racecar_gazebo/install/racecar_control', 'merge_install': False, 'path': '/workspace/racecar_project/racecar_gazebo/racecar_control', 'symlink_install': False, 'test_result_base': None}
[1.566s] Level 5:colcon.colcon_core.verb:set package 'racecar_description' build argument 'cmake_args' from command line to 'None'
[1.566s] Level 5:colcon.colcon_core.verb:set package 'racecar_description' build argument 'cmake_target' from command line to 'None'
[1.566s] Level 5:colcon.colcon_core.verb:set package 'racecar_description' build argument 'cmake_target_skip_unavailable' from command line to 'False'
[1.566s] Level 5:colcon.colcon_core.verb:set package 'racecar_description' build argument 'cmake_clean_cache' from command line to 'False'
[1.566s] Level 5:colcon.colcon_core.verb:set package 'racecar_description' build argument 'cmake_clean_first' from command line to 'False'
[1.566s] Level 5:colcon.colcon_core.verb:set package 'racecar_description' build argument 'cmake_force_configure' from command line to 'False'
[1.566s] Level 5:colcon.colcon_core.verb:set package 'racecar_description' build argument 'ament_cmake_args' from command line to 'None'
[1.566s] Level 5:colcon.colcon_core.verb:set package 'racecar_description' build argument 'catkin_cmake_args' from command line to 'None'
[1.566s] Level 5:colcon.colcon_core.verb:set package 'racecar_description' build argument 'catkin_skip_building_tests' from command line to 'False'
[1.566s] DEBUG:colcon.colcon_core.verb:Building package 'racecar_description' with the following arguments: {'ament_cmake_args': None, 'build_base': '/workspace/racecar_project/racecar_gazebo/build/racecar_description', 'catkin_cmake_args': None, 'catkin_skip_building_tests': False, 'cmake_args': None, 'cmake_clean_cache': False, 'cmake_clean_first': False, 'cmake_force_configure': False, 'cmake_target': None, 'cmake_target_skip_unavailable': False, 'install_base': '/workspace/racecar_project/racecar_gazebo/install/racecar_description', 'merge_install': False, 'path': '/workspace/racecar_project/racecar_gazebo/racecar_description', 'symlink_install': False, 'test_result_base': None}
[1.569s] Level 5:colcon.colcon_core.verb:set package 'racecar_gazebo' build argument 'cmake_args' from command line to 'None'
[1.569s] Level 5:colcon.colcon_core.verb:set package 'racecar_gazebo' build argument 'cmake_target' from command line to 'None'
[1.569s] Level 5:colcon.colcon_core.verb:set package 'racecar_gazebo' build argument 'cmake_target_skip_unavailable' from command line to 'False'
[1.570s] Level 5:colcon.colcon_core.verb:set package 'racecar_gazebo' build argument 'cmake_clean_cache' from command line to 'False'
[1.570s] Level 5:colcon.colcon_core.verb:set package 'racecar_gazebo' build argument 'cmake_clean_first' from command line to 'False'
[1.570s] Level 5:colcon.colcon_core.verb:set package 'racecar_gazebo' build argument 'cmake_force_configure' from command line to 'False'
[1.570s] Level 5:colcon.colcon_core.verb:set package 'racecar_gazebo' build argument 'ament_cmake_args' from command line to 'None'
[1.570s] Level 5:colcon.colcon_core.verb:set package 'racecar_gazebo' build argument 'catkin_cmake_args' from command line to 'None'
[1.570s] Level 5:colcon.colcon_core.verb:set package 'racecar_gazebo' build argument 'catkin_skip_building_tests' from command line to 'False'
[1.570s] DEBUG:colcon.colcon_core.verb:Building package 'racecar_gazebo' with the following arguments: {'ament_cmake_args': None, 'build_base': '/workspace/racecar_project/racecar_gazebo/build/racecar_gazebo', 'catkin_cmake_args': None, 'catkin_skip_building_tests': False, 'cmake_args': None, 'cmake_clean_cache': False, 'cmake_clean_first': False, 'cmake_force_configure': False, 'cmake_target': None, 'cmake_target_skip_unavailable': False, 'install_base': '/workspace/racecar_project/racecar_gazebo/install/racecar_gazebo', 'merge_install': False, 'path': '/workspace/racecar_project/racecar_gazebo/racecar_gazebo', 'symlink_install': False, 'test_result_base': None}
[1.573s] Level 5:colcon.colcon_core.verb:set package 'racecar_realsense' build argument 'cmake_args' from command line to 'None'
[1.573s] Level 5:colcon.colcon_core.verb:set package 'racecar_realsense' build argument 'cmake_target' from command line to 'None'
[1.573s] Level 5:colcon.colcon_core.verb:set package 'racecar_realsense' build argument 'cmake_target_skip_unavailable' from command line to 'False'
[1.573s] Level 5:colcon.colcon_core.verb:set package 'racecar_realsense' build argument 'cmake_clean_cache' from command line to 'False'
[1.573s] Level 5:colcon.colcon_core.verb:set package 'racecar_realsense' build argument 'cmake_clean_first' from command line to 'False'
[1.573s] Level 5:colcon.colcon_core.verb:set package 'racecar_realsense' build argument 'cmake_force_configure' from command line to 'False'
[1.573s] Level 5:colcon.colcon_core.verb:set package 'racecar_realsense' build argument 'ament_cmake_args' from command line to 'None'
[1.573s] Level 5:colcon.colcon_core.verb:set package 'racecar_realsense' build argument 'catkin_cmake_args' from command line to 'None'
[1.573s] Level 5:colcon.colcon_core.verb:set package 'racecar_realsense' build argument 'catkin_skip_building_tests' from command line to 'False'
[1.574s] DEBUG:colcon.colcon_core.verb:Building package 'racecar_realsense' with the following arguments: {'ament_cmake_args': None, 'build_base': '/workspace/racecar_project/racecar_gazebo/build/racecar_realsense', 'catkin_cmake_args': None, 'catkin_skip_building_tests': False, 'cmake_args': None, 'cmake_clean_cache': False, 'cmake_clean_first': False, 'cmake_force_configure': False, 'cmake_target': None, 'cmake_target_skip_unavailable': False, 'install_base': '/workspace/racecar_project/racecar_gazebo/install/racecar_realsense', 'merge_install': False, 'path': '/workspace/racecar_project/racecar_gazebo/racecar_realsense', 'symlink_install': False, 'test_result_base': None}
[1.574s] INFO:colcon.colcon_core.executor:Executing jobs using 'parallel' executor
[1.576s] DEBUG:colcon.colcon_parallel_executor.executor.parallel:run_until_complete
[1.576s] INFO:colcon.colcon_ros.task.ament_python.build:Building ROS package in '/workspace/racecar_project/racecar_gazebo/racecar_control' with build type 'ament_python'
[1.576s] Level 1:colcon.colcon_core.shell:create_environment_hook('racecar_control', 'ament_prefix_path')
[1.616s] INFO:colcon.colcon_core.plugin_system:Skipping extension 'colcon_core.shell.bat': Not used on non-Windows systems
[1.616s] INFO:colcon.colcon_core.shell:Creating environment hook '/workspace/racecar_project/racecar_gazebo/install/racecar_control/share/racecar_control/hook/ament_prefix_path.ps1'
[1.625s] INFO:colcon.colcon_core.shell:Creating environment descriptor '/workspace/racecar_project/racecar_gazebo/install/racecar_control/share/racecar_control/hook/ament_prefix_path.dsv'
[1.627s] INFO:colcon.colcon_core.shell:Creating environment hook '/workspace/racecar_project/racecar_gazebo/install/racecar_control/share/racecar_control/hook/ament_prefix_path.sh'
[1.629s] INFO:colcon.colcon_core.shell:Skip shell extension 'powershell' for command environment: Not usable outside of PowerShell
[1.629s] DEBUG:colcon.colcon_core.shell:Skip shell extension 'dsv' for command environment
[1.634s] DEBUG:colcon.colcon_core.shell:Ignoring prefix path '/opt/ros/foxy'
[1.651s] INFO:colcon.colcon_ros.task.ament_python.build:Building ROS package in '/workspace/racecar_project/racecar_gazebo/racecar_description' with build type 'ament_python'
[1.651s] Level 1:colcon.colcon_core.shell:create_environment_hook('racecar_description', 'ament_prefix_path')
[1.653s] INFO:colcon.colcon_core.shell:Creating environment hook '/workspace/racecar_project/racecar_gazebo/install/racecar_description/share/racecar_description/hook/ament_prefix_path.ps1'
[1.654s] INFO:colcon.colcon_core.shell:Creating environment descriptor '/workspace/racecar_project/racecar_gazebo/install/racecar_description/share/racecar_description/hook/ament_prefix_path.dsv'
[1.655s] INFO:colcon.colcon_core.shell:Creating environment hook '/workspace/racecar_project/racecar_gazebo/install/racecar_description/share/racecar_description/hook/ament_prefix_path.sh'
[1.656s] INFO:colcon.colcon_core.shell:Skip shell extension 'powershell' for command environment: Not usable outside of PowerShell
[1.657s] DEBUG:colcon.colcon_core.shell:Skip shell extension 'dsv' for command environment
[1.660s] DEBUG:colcon.colcon_core.shell:Ignoring prefix path '/opt/ros/foxy'
[1.662s] INFO:colcon.colcon_ros.task.ament_python.build:Building ROS package in '/workspace/racecar_project/racecar_gazebo/racecar_gazebo' with build type 'ament_python'
[1.663s] Level 1:colcon.colcon_core.shell:create_environment_hook('racecar_gazebo', 'ament_prefix_path')
[1.665s] INFO:colcon.colcon_core.shell:Creating environment hook '/workspace/racecar_project/racecar_gazebo/install/racecar_gazebo/share/racecar_gazebo/hook/ament_prefix_path.ps1'
[1.666s] INFO:colcon.colcon_core.shell:Creating environment descriptor '/workspace/racecar_project/racecar_gazebo/install/racecar_gazebo/share/racecar_gazebo/hook/ament_prefix_path.dsv'
[1.667s] INFO:colcon.colcon_core.shell:Creating environment hook '/workspace/racecar_project/racecar_gazebo/install/racecar_gazebo/share/racecar_gazebo/hook/ament_prefix_path.sh'
[1.669s] INFO:colcon.colcon_core.shell:Skip shell extension 'powershell' for command environment: Not usable outside of PowerShell
[1.669s] DEBUG:colcon.colcon_core.shell:Skip shell extension 'dsv' for command environment
[1.672s] DEBUG:colcon.colcon_core.shell:Ignoring prefix path '/opt/ros/foxy'
[1.675s] INFO:colcon.colcon_ros.task.ament_cmake.build:Building ROS package in '/workspace/racecar_project/racecar_gazebo/racecar_realsense' with build type 'ament_cmake'
[1.675s] INFO:colcon.colcon_cmake.task.cmake.build:Building CMake package in '/workspace/racecar_project/racecar_gazebo/racecar_realsense'
[1.677s] INFO:colcon.colcon_core.shell:Skip shell extension 'powershell' for command environment: Not usable outside of PowerShell
[1.677s] DEBUG:colcon.colcon_core.shell:Skip shell extension 'dsv' for command environment
[1.681s] DEBUG:colcon.colcon_core.shell:Ignoring prefix path '/opt/ros/foxy'
[1.913s] INFO:colcon.colcon_core.task.python.build:Building Python package in '/workspace/racecar_project/racecar_gazebo/racecar_control'
[1.914s] INFO:colcon.colcon_core.shell:Skip shell extension 'powershell' for command environment: Not usable outside of PowerShell
[1.914s] DEBUG:colcon.colcon_core.shell:Skip shell extension 'dsv' for command environment
[1.916s] DEBUG:colcon.colcon_core.shell:Ignoring prefix path '/opt/ros/foxy'
[2.121s] INFO:colcon.colcon_core.task.python.build:Building Python package in '/workspace/racecar_project/racecar_gazebo/racecar_description'
[2.122s] INFO:colcon.colcon_core.shell:Skip shell extension 'powershell' for command environment: Not usable outside of PowerShell
[2.122s] DEBUG:colcon.colcon_core.shell:Skip shell extension 'dsv' for command environment
[2.123s] DEBUG:colcon.colcon_core.shell:Ignoring prefix path '/opt/ros/foxy'
[2.310s] INFO:colcon.colcon_core.task.python.build:Building Python package in '/workspace/racecar_project/racecar_gazebo/racecar_gazebo'
[2.311s] INFO:colcon.colcon_core.shell:Skip shell extension 'powershell' for command environment: Not usable outside of PowerShell
[2.311s] DEBUG:colcon.colcon_core.shell:Skip shell extension 'dsv' for command environment
[2.313s] DEBUG:colcon.colcon_core.shell:Ignoring prefix path '/opt/ros/foxy'
[2.317s] DEBUG:colcon.colcon_core.event_handler.log_command:Invoking command in '/workspace/racecar_project/racecar_gazebo/build/racecar_realsense': CMAKE_PREFIX_PATH=/opt/ros/foxy /usr/bin/cmake /workspace/racecar_project/racecar_gazebo/racecar_realsense -DCMAKE_INSTALL_PREFIX=/workspace/racecar_project/racecar_gazebo/install/racecar_realsense
[2.369s] DEBUG:colcon.colcon_core.event_handler.log_command:Invoking command in '/workspace/racecar_project/racecar_gazebo/racecar_control': PYTHONPATH=/workspace/racecar_project/racecar_gazebo/install/racecar_control/lib/python3.8/site-packages:${PYTHONPATH} /usr/bin/python3 setup.py egg_info --egg-base ../build/racecar_control build --build-base /workspace/racecar_project/racecar_gazebo/build/racecar_control/build install --prefix /workspace/racecar_project/racecar_gazebo/install/racecar_control --record /workspace/racecar_project/racecar_gazebo/build/racecar_control/install.log --single-version-externally-managed
[2.372s] DEBUG:colcon.colcon_core.event_handler.log_command:Invoking command in '/workspace/racecar_project/racecar_gazebo/racecar_description': PYTHONPATH=/workspace/racecar_project/racecar_gazebo/install/racecar_description/lib/python3.8/site-packages:${PYTHONPATH} /usr/bin/python3 setup.py egg_info --egg-base ../build/racecar_description build --build-base /workspace/racecar_project/racecar_gazebo/build/racecar_description/build install --prefix /workspace/racecar_project/racecar_gazebo/install/racecar_description --record /workspace/racecar_project/racecar_gazebo/build/racecar_description/install.log --single-version-externally-managed
[2.377s] DEBUG:colcon.colcon_core.event_handler.log_command:Invoking command in '/workspace/racecar_project/racecar_gazebo/racecar_gazebo': PYTHONPATH=/workspace/racecar_project/racecar_gazebo/install/racecar_gazebo/lib/python3.8/site-packages:${PYTHONPATH} /usr/bin/python3 setup.py egg_info --egg-base ../build/racecar_gazebo build --build-base /workspace/racecar_project/racecar_gazebo/build/racecar_gazebo/build install --prefix /workspace/racecar_project/racecar_gazebo/install/racecar_gazebo --record /workspace/racecar_project/racecar_gazebo/build/racecar_gazebo/install.log --single-version-externally-managed
[3.562s] DEBUG:colcon.colcon_core.event_handler.log_command:Invoked command in '/workspace/racecar_project/racecar_gazebo/racecar_gazebo' returned '0': PYTHONPATH=/workspace/racecar_project/racecar_gazebo/install/racecar_gazebo/lib/python3.8/site-packages:${PYTHONPATH} /usr/bin/python3 setup.py egg_info --egg-base ../build/racecar_gazebo build --build-base /workspace/racecar_project/racecar_gazebo/build/racecar_gazebo/build install --prefix /workspace/racecar_project/racecar_gazebo/install/racecar_gazebo --record /workspace/racecar_project/racecar_gazebo/build/racecar_gazebo/install.log --single-version-externally-managed
[3.812s] Level 1:colcon.colcon_core.environment:checking '/workspace/racecar_project/racecar_gazebo/install/racecar_gazebo' for CMake module files
[3.815s] Level 1:colcon.colcon_core.environment:checking '/workspace/racecar_project/racecar_gazebo/install/racecar_gazebo' for CMake config files
[3.819s] Level 1:colcon.colcon_core.environment:checking '/workspace/racecar_project/racecar_gazebo/install/racecar_gazebo/lib'
[3.819s] Level 1:colcon.colcon_core.environment:checking '/workspace/racecar_project/racecar_gazebo/install/racecar_gazebo/bin'
[3.820s] Level 1:colcon.colcon_core.environment:checking '/workspace/racecar_project/racecar_gazebo/install/racecar_gazebo/lib/pkgconfig/racecar_gazebo.pc'
[3.820s] Level 1:colcon.colcon_core.environment:checking '/workspace/racecar_project/racecar_gazebo/install/racecar_gazebo/lib/python3.8/site-packages'
[3.820s] Level 1:colcon.colcon_core.shell:create_environment_hook('racecar_gazebo', 'pythonpath')
[3.823s] INFO:colcon.colcon_core.shell:Creating environment hook '/workspace/racecar_project/racecar_gazebo/install/racecar_gazebo/share/racecar_gazebo/hook/pythonpath.ps1'
[3.825s] INFO:colcon.colcon_core.shell:Creating environment descriptor '/workspace/racecar_project/racecar_gazebo/install/racecar_gazebo/share/racecar_gazebo/hook/pythonpath.dsv'
[3.826s] INFO:colcon.colcon_core.shell:Creating environment hook '/workspace/racecar_project/racecar_gazebo/install/racecar_gazebo/share/racecar_gazebo/hook/pythonpath.sh'
[3.828s] Level 1:colcon.colcon_core.environment:create_environment_scripts_only(racecar_gazebo)
[3.831s] INFO:colcon.colcon_core.shell:Creating package script '/workspace/racecar_project/racecar_gazebo/install/racecar_gazebo/share/racecar_gazebo/package.ps1'
[3.837s] INFO:colcon.colcon_core.shell:Creating package descriptor '/workspace/racecar_project/racecar_gazebo/install/racecar_gazebo/share/racecar_gazebo/package.dsv'
[3.874s] INFO:colcon.colcon_core.shell:Creating package script '/workspace/racecar_project/racecar_gazebo/install/racecar_gazebo/share/racecar_gazebo/package.sh'
[3.900s] INFO:colcon.colcon_core.shell:Creating package script '/workspace/racecar_project/racecar_gazebo/install/racecar_gazebo/share/racecar_gazebo/package.bash'
[3.927s] INFO:colcon.colcon_core.shell:Creating package script '/workspace/racecar_project/racecar_gazebo/install/racecar_gazebo/share/racecar_gazebo/package.zsh'
[3.967s] Level 1:colcon.colcon_core.environment:create_file_with_runtime_dependencies(/workspace/racecar_project/racecar_gazebo/install/racecar_gazebo/share/colcon-core/packages/racecar_gazebo)
[3.968s] Level 1:colcon.colcon_core.environment:checking '/workspace/racecar_project/racecar_gazebo/install/racecar_description' for CMake module files
[3.969s] DEBUG:colcon.colcon_core.event_handler.log_command:Invoked command in '/workspace/racecar_project/racecar_gazebo/racecar_description' returned '0': PYTHONPATH=/workspace/racecar_project/racecar_gazebo/install/racecar_description/lib/python3.8/site-packages:${PYTHONPATH} /usr/bin/python3 setup.py egg_info --egg-base ../build/racecar_description build --build-base /workspace/racecar_project/racecar_gazebo/build/racecar_description/build install --prefix /workspace/racecar_project/racecar_gazebo/install/racecar_description --record /workspace/racecar_project/racecar_gazebo/build/racecar_description/install.log --single-version-externally-managed
[3.969s] Level 1:colcon.colcon_core.environment:checking '/workspace/racecar_project/racecar_gazebo/install/racecar_description' for CMake config files
[3.970s] Level 1:colcon.colcon_core.environment:checking '/workspace/racecar_project/racecar_gazebo/install/racecar_description/lib'
[3.970s] Level 1:colcon.colcon_core.environment:checking '/workspace/racecar_project/racecar_gazebo/install/racecar_description/bin'
[3.970s] Level 1:colcon.colcon_core.environment:checking '/workspace/racecar_project/racecar_gazebo/install/racecar_description/lib/pkgconfig/racecar_description.pc'
[3.970s] Level 1:colcon.colcon_core.environment:checking '/workspace/racecar_project/racecar_gazebo/install/racecar_description/lib/python3.8/site-packages'
[3.970s] Level 1:colcon.colcon_core.shell:create_environment_hook('racecar_description', 'pythonpath')
[3.971s] INFO:colcon.colcon_core.shell:Creating environment hook '/workspace/racecar_project/racecar_gazebo/install/racecar_description/share/racecar_description/hook/pythonpath.ps1'
[3.971s] INFO:colcon.colcon_core.shell:Creating environment descriptor '/workspace/racecar_project/racecar_gazebo/install/racecar_description/share/racecar_description/hook/pythonpath.dsv'
[3.971s] INFO:colcon.colcon_core.shell:Creating environment hook '/workspace/racecar_project/racecar_gazebo/install/racecar_description/share/racecar_description/hook/pythonpath.sh'
[3.972s] Level 1:colcon.colcon_core.environment:create_environment_scripts_only(racecar_description)
[3.973s] INFO:colcon.colcon_core.shell:Creating package script '/workspace/racecar_project/racecar_gazebo/install/racecar_description/share/racecar_description/package.ps1'
[3.973s] INFO:colcon.colcon_core.shell:Creating package descriptor '/workspace/racecar_project/racecar_gazebo/install/racecar_description/share/racecar_description/package.dsv'
[3.973s] INFO:colcon.colcon_core.shell:Creating package script '/workspace/racecar_project/racecar_gazebo/install/racecar_description/share/racecar_description/package.sh'
[3.974s] INFO:colcon.colcon_core.shell:Creating package script '/workspace/racecar_project/racecar_gazebo/install/racecar_description/share/racecar_description/package.bash'
[3.974s] INFO:colcon.colcon_core.shell:Creating package script '/workspace/racecar_project/racecar_gazebo/install/racecar_description/share/racecar_description/package.zsh'
[3.975s] Level 1:colcon.colcon_core.environment:create_file_with_runtime_dependencies(/workspace/racecar_project/racecar_gazebo/install/racecar_description/share/colcon-core/packages/racecar_description)
[3.976s] Level 1:colcon.colcon_core.environment:checking '/workspace/racecar_project/racecar_gazebo/install/racecar_control' for CMake module files
[3.977s] DEBUG:colcon.colcon_core.event_handler.log_command:Invoked command in '/workspace/racecar_project/racecar_gazebo/racecar_control' returned '0': PYTHONPATH=/workspace/racecar_project/racecar_gazebo/install/racecar_control/lib/python3.8/site-packages:${PYTHONPATH} /usr/bin/python3 setup.py egg_info --egg-base ../build/racecar_control build --build-base /workspace/racecar_project/racecar_gazebo/build/racecar_control/build install --prefix /workspace/racecar_project/racecar_gazebo/install/racecar_control --record /workspace/racecar_project/racecar_gazebo/build/racecar_control/install.log --single-version-externally-managed
[3.977s] Level 1:colcon.colcon_core.environment:checking '/workspace/racecar_project/racecar_gazebo/install/racecar_control' for CMake config files
[3.978s] Level 1:colcon.colcon_core.environment:checking '/workspace/racecar_project/racecar_gazebo/install/racecar_control/lib'
[3.978s] Level 1:colcon.colcon_core.environment:checking '/workspace/racecar_project/racecar_gazebo/install/racecar_control/bin'
[3.978s] Level 1:colcon.colcon_core.environment:checking '/workspace/racecar_project/racecar_gazebo/install/racecar_control/lib/pkgconfig/racecar_control.pc'
[3.978s] Level 1:colcon.colcon_core.environment:checking '/workspace/racecar_project/racecar_gazebo/install/racecar_control/lib/python3.8/site-packages'
[3.978s] Level 1:colcon.colcon_core.shell:create_environment_hook('racecar_control', 'pythonpath')
[3.979s] INFO:colcon.colcon_core.shell:Creating environment hook '/workspace/racecar_project/racecar_gazebo/install/racecar_control/share/racecar_control/hook/pythonpath.ps1'
[3.979s] INFO:colcon.colcon_core.shell:Creating environment descriptor '/workspace/racecar_project/racecar_gazebo/install/racecar_control/share/racecar_control/hook/pythonpath.dsv'
[3.979s] INFO:colcon.colcon_core.shell:Creating environment hook '/workspace/racecar_project/racecar_gazebo/install/racecar_control/share/racecar_control/hook/pythonpath.sh'
[3.980s] Level 1:colcon.colcon_core.environment:create_environment_scripts_only(racecar_control)
[3.981s] INFO:colcon.colcon_core.shell:Creating package script '/workspace/racecar_project/racecar_gazebo/install/racecar_control/share/racecar_control/package.ps1'
[3.981s] INFO:colcon.colcon_core.shell:Creating package descriptor '/workspace/racecar_project/racecar_gazebo/install/racecar_control/share/racecar_control/package.dsv'
[3.981s] INFO:colcon.colcon_core.shell:Creating package script '/workspace/racecar_project/racecar_gazebo/install/racecar_control/share/racecar_control/package.sh'
[3.982s] INFO:colcon.colcon_core.shell:Creating package script '/workspace/racecar_project/racecar_gazebo/install/racecar_control/share/racecar_control/package.bash'
[3.982s] INFO:colcon.colcon_core.shell:Creating package script '/workspace/racecar_project/racecar_gazebo/install/racecar_control/share/racecar_control/package.zsh'
[3.982s] Level 1:colcon.colcon_core.environment:create_file_with_runtime_dependencies(/workspace/racecar_project/racecar_gazebo/install/racecar_control/share/colcon-core/packages/racecar_control)
[6.824s] DEBUG:colcon.colcon_core.event_handler.log_command:Invoked command in '/workspace/racecar_project/racecar_gazebo/build/racecar_realsense' returned '0': CMAKE_PREFIX_PATH=/opt/ros/foxy /usr/bin/cmake /workspace/racecar_project/racecar_gazebo/racecar_realsense -DCMAKE_INSTALL_PREFIX=/workspace/racecar_project/racecar_gazebo/install/racecar_realsense
[6.828s] DEBUG:colcon.colcon_core.event_handler.log_command:Invoking command in '/workspace/racecar_project/racecar_gazebo/build/racecar_realsense': CMAKE_PREFIX_PATH=/opt/ros/foxy /usr/bin/cmake --build /workspace/racecar_project/racecar_gazebo/build/racecar_realsense -- -j8 -l8
[6.867s] DEBUG:colcon.colcon_core.event_handler.log_command:Invoked command in '/workspace/racecar_project/racecar_gazebo/build/racecar_realsense' returned '0': CMAKE_PREFIX_PATH=/opt/ros/foxy /usr/bin/cmake --build /workspace/racecar_project/racecar_gazebo/build/racecar_realsense -- -j8 -l8
[6.892s] DEBUG:colcon.colcon_core.event_handler.log_command:Invoking command in '/workspace/racecar_project/racecar_gazebo/build/racecar_realsense': CMAKE_PREFIX_PATH=/opt/ros/foxy /usr/bin/cmake --install /workspace/racecar_project/racecar_gazebo/build/racecar_realsense
[6.901s] Level 1:colcon.colcon_core.environment:create_environment_scripts_only(racecar_realsense)
[6.902s] Level 1:colcon.colcon_core.environment:checking '/workspace/racecar_project/racecar_gazebo/install/racecar_realsense' for CMake module files
[6.902s] DEBUG:colcon.colcon_core.event_handler.log_command:Invoked command in '/workspace/racecar_project/racecar_gazebo/build/racecar_realsense' returned '0': CMAKE_PREFIX_PATH=/opt/ros/foxy /usr/bin/cmake --install /workspace/racecar_project/racecar_gazebo/build/racecar_realsense
[6.903s] Level 1:colcon.colcon_core.environment:checking '/workspace/racecar_project/racecar_gazebo/install/racecar_realsense' for CMake config files
[6.903s] Level 1:colcon.colcon_core.shell:create_environment_hook('racecar_realsense', 'cmake_prefix_path')
[6.903s] INFO:colcon.colcon_core.shell:Creating environment hook '/workspace/racecar_project/racecar_gazebo/install/racecar_realsense/share/racecar_realsense/hook/cmake_prefix_path.ps1'
[6.904s] INFO:colcon.colcon_core.shell:Creating environment descriptor '/workspace/racecar_project/racecar_gazebo/install/racecar_realsense/share/racecar_realsense/hook/cmake_prefix_path.dsv'
[6.904s] INFO:colcon.colcon_core.shell:Creating environment hook '/workspace/racecar_project/racecar_gazebo/install/racecar_realsense/share/racecar_realsense/hook/cmake_prefix_path.sh'
[6.904s] Level 1:colcon.colcon_core.environment:checking '/workspace/racecar_project/racecar_gazebo/install/racecar_realsense/bin'
[6.904s] Level 1:colcon.colcon_core.environment:checking '/workspace/racecar_project/racecar_gazebo/install/racecar_realsense/lib/pkgconfig/racecar_realsense.pc'
[6.904s] Level 1:colcon.colcon_core.environment:checking '/workspace/racecar_project/racecar_gazebo/install/racecar_realsense/lib/python3.8/site-packages'
[6.905s] INFO:colcon.colcon_core.shell:Creating package script '/workspace/racecar_project/racecar_gazebo/install/racecar_realsense/share/racecar_realsense/package.ps1'
[6.905s] INFO:colcon.colcon_core.shell:Creating package descriptor '/workspace/racecar_project/racecar_gazebo/install/racecar_realsense/share/racecar_realsense/package.dsv'
[6.906s] INFO:colcon.colcon_core.shell:Creating package script '/workspace/racecar_project/racecar_gazebo/install/racecar_realsense/share/racecar_realsense/package.sh'
[6.906s] INFO:colcon.colcon_core.shell:Creating package script '/workspace/racecar_project/racecar_gazebo/install/racecar_realsense/share/racecar_realsense/package.bash'
[6.906s] INFO:colcon.colcon_core.shell:Creating package script '/workspace/racecar_project/racecar_gazebo/install/racecar_realsense/share/racecar_realsense/package.zsh'
[6.906s] Level 1:colcon.colcon_core.environment:create_file_with_runtime_dependencies(/workspace/racecar_project/racecar_gazebo/install/racecar_realsense/share/colcon-core/packages/racecar_realsense)
[6.923s] Level 1:colcon.colcon_core.environment:create_environment_scripts_only(racecar_realsense)
[6.923s] Level 1:colcon.colcon_core.environment:checking '/workspace/racecar_project/racecar_gazebo/install/racecar_realsense' for CMake module files
[6.924s] Level 1:colcon.colcon_core.environment:checking '/workspace/racecar_project/racecar_gazebo/install/racecar_realsense' for CMake config files
[6.924s] Level 1:colcon.colcon_core.shell:create_environment_hook('racecar_realsense', 'cmake_prefix_path')
[6.925s] INFO:colcon.colcon_core.shell:Creating environment hook '/workspace/racecar_project/racecar_gazebo/install/racecar_realsense/share/racecar_realsense/hook/cmake_prefix_path.ps1'
[6.925s] INFO:colcon.colcon_core.shell:Creating environment descriptor '/workspace/racecar_project/racecar_gazebo/install/racecar_realsense/share/racecar_realsense/hook/cmake_prefix_path.dsv'
[6.925s] INFO:colcon.colcon_core.shell:Creating environment hook '/workspace/racecar_project/racecar_gazebo/install/racecar_realsense/share/racecar_realsense/hook/cmake_prefix_path.sh'
[6.926s] Level 1:colcon.colcon_core.environment:checking '/workspace/racecar_project/racecar_gazebo/install/racecar_realsense/bin'
[6.926s] Level 1:colcon.colcon_core.environment:checking '/workspace/racecar_project/racecar_gazebo/install/racecar_realsense/lib/pkgconfig/racecar_realsense.pc'
[6.926s] Level 1:colcon.colcon_core.environment:checking '/workspace/racecar_project/racecar_gazebo/install/racecar_realsense/lib/python3.8/site-packages'
[6.926s] INFO:colcon.colcon_core.shell:Creating package script '/workspace/racecar_project/racecar_gazebo/install/racecar_realsense/share/racecar_realsense/package.ps1'
[6.927s] INFO:colcon.colcon_core.shell:Creating package descriptor '/workspace/racecar_project/racecar_gazebo/install/racecar_realsense/share/racecar_realsense/package.dsv'
[6.927s] INFO:colcon.colcon_core.shell:Creating package script '/workspace/racecar_project/racecar_gazebo/install/racecar_realsense/share/racecar_realsense/package.sh'
[6.928s] INFO:colcon.colcon_core.shell:Creating package script '/workspace/racecar_project/racecar_gazebo/install/racecar_realsense/share/racecar_realsense/package.bash'
[6.928s] INFO:colcon.colcon_core.shell:Creating package script '/workspace/racecar_project/racecar_gazebo/install/racecar_realsense/share/racecar_realsense/package.zsh'
[6.928s] Level 1:colcon.colcon_core.environment:create_file_with_runtime_dependencies(/workspace/racecar_project/racecar_gazebo/install/racecar_realsense/share/colcon-core/packages/racecar_realsense)
[6.928s] DEBUG:colcon.colcon_parallel_executor.executor.parallel:closing loop
[6.929s] DEBUG:colcon.colcon_parallel_executor.executor.parallel:loop closed
[6.929s] DEBUG:colcon.colcon_parallel_executor.executor.parallel:run_until_complete finished with '0'
[6.929s] DEBUG:colcon.colcon_core.event_reactor:joining thread
[6.993s] INFO:colcon.colcon_core.plugin_system:Skipping extension 'colcon_notification.desktop_notification.notify_send': Could not find 'notify-send'
[6.993s] INFO:colcon.colcon_core.plugin_system:Skipping extension 'colcon_notification.desktop_notification.terminal_notifier': Not used on non-Darwin systems
[6.994s] INFO:colcon.colcon_core.plugin_system:Skipping extension 'colcon_notification.desktop_notification.win32': Not used on non-Windows systems
[6.994s] INFO:colcon.colcon_notification.desktop_notification:Sending desktop notification using 'notify2'
[7.083s] DEBUG:colcon.colcon_notification.desktop_notification.notify2:Failed to initialize notify2: org.freedesktop.DBus.Error.Spawn.ExecFailed: /usr/bin/dbus-launch terminated abnormally without any error message
[7.084s] DEBUG:colcon.colcon_core.event_reactor:joined thread
[7.088s] INFO:colcon.colcon_core.shell:Creating prefix script '/workspace/racecar_project/racecar_gazebo/install/local_setup.ps1'
[7.106s] INFO:colcon.colcon_core.shell:Creating prefix util module '/workspace/racecar_project/racecar_gazebo/install/_local_setup_util_ps1.py'
[7.121s] INFO:colcon.colcon_core.shell:Creating prefix chain script '/workspace/racecar_project/racecar_gazebo/install/setup.ps1'
[7.133s] INFO:colcon.colcon_core.shell:Creating prefix script '/workspace/racecar_project/racecar_gazebo/install/local_setup.sh'
[7.137s] INFO:colcon.colcon_core.shell:Creating prefix util module '/workspace/racecar_project/racecar_gazebo/install/_local_setup_util_sh.py'
[7.139s] INFO:colcon.colcon_core.shell:Creating prefix chain script '/workspace/racecar_project/racecar_gazebo/install/setup.sh'
[7.147s] INFO:colcon.colcon_core.shell:Creating prefix script '/workspace/racecar_project/racecar_gazebo/install/local_setup.bash'
[7.157s] INFO:colcon.colcon_core.shell:Creating prefix chain script '/workspace/racecar_project/racecar_gazebo/install/setup.bash'
[7.163s] INFO:colcon.colcon_core.shell:Creating prefix script '/workspace/racecar_project/racecar_gazebo/install/local_setup.zsh'
[7.176s] INFO:colcon.colcon_core.shell:Creating prefix chain script '/workspace/racecar_project/racecar_gazebo/install/setup.zsh'
