[0.718s] Invoking command in '/workspace/racecar_project/racecar_gazebo/racecar_description': PYTHONPATH=/workspace/racecar_project/racecar_gazebo/install/racecar_description/lib/python3.8/site-packages:${PYTHONPATH} /usr/bin/python3 setup.py egg_info --egg-base ../build/racecar_description build --build-base /workspace/racecar_project/racecar_gazebo/build/racecar_description/build install --prefix /workspace/racecar_project/racecar_gazebo/install/racecar_description --record /workspace/racecar_project/racecar_gazebo/build/racecar_description/install.log --single-version-externally-managed
[1.053s] running egg_info
[1.059s] creating ../build/racecar_description/racecar_description.egg-info
[1.060s] writing ../build/racecar_description/racecar_description.egg-info/PKG-INFO
[1.061s] writing dependency_links to ../build/racecar_description/racecar_description.egg-info/dependency_links.txt
[1.100s] writing entry points to ../build/racecar_description/racecar_description.egg-info/entry_points.txt
[1.101s] writing requirements to ../build/racecar_description/racecar_description.egg-info/requires.txt
[1.101s] writing top-level names to ../build/racecar_description/racecar_description.egg-info/top_level.txt
[1.136s] writing manifest file '../build/racecar_description/racecar_description.egg-info/SOURCES.txt'
[1.396s] reading manifest file '../build/racecar_description/racecar_description.egg-info/SOURCES.txt'
[1.397s] writing manifest file '../build/racecar_description/racecar_description.egg-info/SOURCES.txt'
[1.398s] running build
[1.398s] running build_py
[1.398s] creating /workspace/racecar_project/racecar_gazebo/build/racecar_description/build
[1.398s] creating /workspace/racecar_project/racecar_gazebo/build/racecar_description/build/lib
[1.398s] creating /workspace/racecar_project/racecar_gazebo/build/racecar_description/build/lib/racecar_description
[1.398s] copying racecar_description/__init__.py -> /workspace/racecar_project/racecar_gazebo/build/racecar_description/build/lib/racecar_description
[1.399s] running install
[1.417s] running install_lib
[1.420s] creating /workspace/racecar_project/racecar_gazebo/install/racecar_description/lib/python3.8/site-packages/racecar_description
[1.420s] copying /workspace/racecar_project/racecar_gazebo/build/racecar_description/build/lib/racecar_description/__init__.py -> /workspace/racecar_project/racecar_gazebo/install/racecar_description/lib/python3.8/site-packages/racecar_description
[1.421s] byte-compiling /workspace/racecar_project/racecar_gazebo/install/racecar_description/lib/python3.8/site-packages/racecar_description/__init__.py to __init__.cpython-38.pyc
[1.423s] running install_data
[1.424s] creating /workspace/racecar_project/racecar_gazebo/install/racecar_description/share/ament_index
[1.425s] creating /workspace/racecar_project/racecar_gazebo/install/racecar_description/share/ament_index/resource_index
[1.425s] creating /workspace/racecar_project/racecar_gazebo/install/racecar_description/share/ament_index/resource_index/packages
[1.425s] copying resource/racecar_description -> /workspace/racecar_project/racecar_gazebo/install/racecar_description/share/ament_index/resource_index/packages
[1.426s] copying package.xml -> /workspace/racecar_project/racecar_gazebo/install/racecar_description/share/racecar_description
[1.426s] creating /workspace/racecar_project/racecar_gazebo/install/racecar_description/share/racecar_description/meshes
[1.426s] copying meshes/left_rear_wheel.dae -> /workspace/racecar_project/racecar_gazebo/install/racecar_description/share/racecar_description/meshes
[1.524s] copying meshes/walker_racecourse.dae -> /workspace/racecar_project/racecar_gazebo/install/racecar_description/share/racecar_description/meshes
[1.541s] copying meshes/cone.dae -> /workspace/racecar_project/racecar_gazebo/install/racecar_description/share/racecar_description/meshes
[1.543s] copying meshes/left_front_wheel.dae -> /workspace/racecar_project/racecar_gazebo/install/racecar_description/share/racecar_description/meshes
[1.564s] copying meshes/right_steering_hinge.dae -> /workspace/racecar_project/racecar_gazebo/install/racecar_description/share/racecar_description/meshes
[1.582s] copying meshes/right_rear_wheel.dae -> /workspace/racecar_project/racecar_gazebo/install/racecar_description/share/racecar_description/meshes
[1.613s] copying meshes/chassis.dae -> /workspace/racecar_project/racecar_gazebo/install/racecar_description/share/racecar_description/meshes
[1.645s] copying meshes/right_front_wheel.dae -> /workspace/racecar_project/racecar_gazebo/install/racecar_description/share/racecar_description/meshes
[1.669s] copying meshes/hokuyo.dae -> /workspace/racecar_project/racecar_gazebo/install/racecar_description/share/racecar_description/meshes
[1.670s] copying meshes/left_steering_hinge.dae -> /workspace/racecar_project/racecar_gazebo/install/racecar_description/share/racecar_description/meshes
[1.694s] copying meshes/parking_1.dae -> /workspace/racecar_project/racecar_gazebo/install/racecar_description/share/racecar_description/meshes
[1.695s] copying meshes/left_steering_hinge.STL -> /workspace/racecar_project/racecar_gazebo/install/racecar_description/share/racecar_description/meshes
[1.697s] copying meshes/left_rear_wheel.STL -> /workspace/racecar_project/racecar_gazebo/install/racecar_description/share/racecar_description/meshes
[1.713s] copying meshes/left_front_wheel.STL -> /workspace/racecar_project/racecar_gazebo/install/racecar_description/share/racecar_description/meshes
[1.714s] copying meshes/right_steering_hinge.STL -> /workspace/racecar_project/racecar_gazebo/install/racecar_description/share/racecar_description/meshes
[1.747s] copying meshes/right_front_wheel.STL -> /workspace/racecar_project/racecar_gazebo/install/racecar_description/share/racecar_description/meshes
[1.748s] copying meshes/right_rear_wheel.STL -> /workspace/racecar_project/racecar_gazebo/install/racecar_description/share/racecar_description/meshes
[1.761s] copying meshes/chassis.STL -> /workspace/racecar_project/racecar_gazebo/install/racecar_description/share/racecar_description/meshes
[1.762s] creating /workspace/racecar_project/racecar_gazebo/install/racecar_description/share/racecar_description/urdf
[1.762s] copying urdf/macros.xacro -> /workspace/racecar_project/racecar_gazebo/install/racecar_description/share/racecar_description/urdf
[1.779s] copying urdf/materials.xacro -> /workspace/racecar_project/racecar_gazebo/install/racecar_description/share/racecar_description/urdf
[1.780s] copying urdf/racecar.xacro -> /workspace/racecar_project/racecar_gazebo/install/racecar_description/share/racecar_description/urdf
[1.780s] running install_egg_info
[1.783s] Copying ../build/racecar_description/racecar_description.egg-info to /workspace/racecar_project/racecar_gazebo/install/racecar_description/lib/python3.8/site-packages/racecar_description-0.0.0-py3.8.egg-info
[1.785s] running install_scripts
[1.828s] writing list of installed files to '/workspace/racecar_project/racecar_gazebo/build/racecar_description/install.log'
[2.316s] Invoked command in '/workspace/racecar_project/racecar_gazebo/racecar_description' returned '0': PYTHONPATH=/workspace/racecar_project/racecar_gazebo/install/racecar_description/lib/python3.8/site-packages:${PYTHONPATH} /usr/bin/python3 setup.py egg_info --egg-base ../build/racecar_description build --build-base /workspace/racecar_project/racecar_gazebo/build/racecar_description/build install --prefix /workspace/racecar_project/racecar_gazebo/install/racecar_description --record /workspace/racecar_project/racecar_gazebo/build/racecar_description/install.log --single-version-externally-managed
