[0.792s] Invoking command in '/workspace/racecar_project/racecar_gazebo/racecar_control': PYTHONPATH=/workspace/racecar_project/racecar_gazebo/install/racecar_control/lib/python3.8/site-packages:${PYTHONPATH} /usr/bin/python3 setup.py egg_info --egg-base ../build/racecar_control build --build-base /workspace/racecar_project/racecar_gazebo/build/racecar_control/build install --prefix /workspace/racecar_project/racecar_gazebo/install/racecar_control --record /workspace/racecar_project/racecar_gazebo/build/racecar_control/install.log --single-version-externally-managed
[1.130s] running egg_info
[1.135s] creating ../build/racecar_control/racecar_control.egg-info
[1.137s] writing ../build/racecar_control/racecar_control.egg-info/PKG-INFO
[1.137s] writing dependency_links to ../build/racecar_control/racecar_control.egg-info/dependency_links.txt
[1.178s] writing entry points to ../build/racecar_control/racecar_control.egg-info/entry_points.txt
[1.178s] writing requirements to ../build/racecar_control/racecar_control.egg-info/requires.txt
[1.179s] writing top-level names to ../build/racecar_control/racecar_control.egg-info/top_level.txt
[1.212s] writing manifest file '../build/racecar_control/racecar_control.egg-info/SOURCES.txt'
[1.470s] reading manifest file '../build/racecar_control/racecar_control.egg-info/SOURCES.txt'
[1.471s] writing manifest file '../build/racecar_control/racecar_control.egg-info/SOURCES.txt'
[1.472s] running build
[1.472s] running build_py
[1.472s] creating /workspace/racecar_project/racecar_gazebo/build/racecar_control/build
[1.472s] creating /workspace/racecar_project/racecar_gazebo/build/racecar_control/build/lib
[1.472s] creating /workspace/racecar_project/racecar_gazebo/build/racecar_control/build/lib/racecar_control
[1.473s] copying racecar_control/servo_commands.py -> /workspace/racecar_project/racecar_gazebo/build/racecar_control/build/lib/racecar_control
[1.476s] copying racecar_control/__init__.py -> /workspace/racecar_project/racecar_gazebo/build/racecar_control/build/lib/racecar_control
[1.476s] copying racecar_control/keyboard_teleop.py -> /workspace/racecar_project/racecar_gazebo/build/racecar_control/build/lib/racecar_control
[1.580s] running install
[1.583s] running install_lib
[1.587s] creating /workspace/racecar_project/racecar_gazebo/install/racecar_control/lib/python3.8/site-packages/racecar_control
[1.588s] copying /workspace/racecar_project/racecar_gazebo/build/racecar_control/build/lib/racecar_control/servo_commands.py -> /workspace/racecar_project/racecar_gazebo/install/racecar_control/lib/python3.8/site-packages/racecar_control
[1.589s] copying /workspace/racecar_project/racecar_gazebo/build/racecar_control/build/lib/racecar_control/__init__.py -> /workspace/racecar_project/racecar_gazebo/install/racecar_control/lib/python3.8/site-packages/racecar_control
[1.589s] copying /workspace/racecar_project/racecar_gazebo/build/racecar_control/build/lib/racecar_control/keyboard_teleop.py -> /workspace/racecar_project/racecar_gazebo/install/racecar_control/lib/python3.8/site-packages/racecar_control
[1.590s] byte-compiling /workspace/racecar_project/racecar_gazebo/install/racecar_control/lib/python3.8/site-packages/racecar_control/servo_commands.py to servo_commands.cpython-38.pyc
[1.596s] byte-compiling /workspace/racecar_project/racecar_gazebo/install/racecar_control/lib/python3.8/site-packages/racecar_control/__init__.py to __init__.cpython-38.pyc
[1.598s] byte-compiling /workspace/racecar_project/racecar_gazebo/install/racecar_control/lib/python3.8/site-packages/racecar_control/keyboard_teleop.py to keyboard_teleop.cpython-38.pyc
[1.599s] running install_data
[1.601s] creating /workspace/racecar_project/racecar_gazebo/install/racecar_control/share/ament_index
[1.602s] creating /workspace/racecar_project/racecar_gazebo/install/racecar_control/share/ament_index/resource_index
[1.603s] creating /workspace/racecar_project/racecar_gazebo/install/racecar_control/share/ament_index/resource_index/packages
[1.604s] copying resource/racecar_control -> /workspace/racecar_project/racecar_gazebo/install/racecar_control/share/ament_index/resource_index/packages
[1.604s] copying package.xml -> /workspace/racecar_project/racecar_gazebo/install/racecar_control/share/racecar_control
[1.605s] creating /workspace/racecar_project/racecar_gazebo/install/racecar_control/share/racecar_control/launch
[1.605s] copying launch/racecar_control.launch.py -> /workspace/racecar_project/racecar_gazebo/install/racecar_control/share/racecar_control/launch
[1.610s] creating /workspace/racecar_project/racecar_gazebo/install/racecar_control/share/racecar_control/config
[1.611s] copying config/racecar_control.yaml -> /workspace/racecar_project/racecar_gazebo/install/racecar_control/share/racecar_control/config
[1.619s] running install_egg_info
[1.684s] Copying ../build/racecar_control/racecar_control.egg-info to /workspace/racecar_project/racecar_gazebo/install/racecar_control/lib/python3.8/site-packages/racecar_control-0.0.0-py3.8.egg-info
[1.688s] running install_scripts
[1.904s] Installing keyop script to /workspace/racecar_project/racecar_gazebo/install/racecar_control/lib/racecar_control
[1.905s] Installing servo_commands script to /workspace/racecar_project/racecar_gazebo/install/racecar_control/lib/racecar_control
[1.905s] writing list of installed files to '/workspace/racecar_project/racecar_gazebo/build/racecar_control/install.log'
[2.400s] Invoked command in '/workspace/racecar_project/racecar_gazebo/racecar_control' returned '0': PYTHONPATH=/workspace/racecar_project/racecar_gazebo/install/racecar_control/lib/python3.8/site-packages:${PYTHONPATH} /usr/bin/python3 setup.py egg_info --egg-base ../build/racecar_control build --build-base /workspace/racecar_project/racecar_gazebo/build/racecar_control/build install --prefix /workspace/racecar_project/racecar_gazebo/install/racecar_control --record /workspace/racecar_project/racecar_gazebo/build/racecar_control/install.log --single-version-externally-managed
