-- The C compiler identification is GNU 9.3.0
-- The CXX compiler identification is GNU 9.3.0
-- Check for working C compiler: /usr/bin/cc
-- Check for working C compiler: /usr/bin/cc -- works
-- Detecting C compiler ABI info
-- Detecting C compiler ABI info - done
-- Detecting C compile features
-- Detecting C compile features - done
-- Check for working CXX compiler: /usr/bin/c++
-- Check for working CXX compiler: /usr/bin/c++ -- works
-- Detecting CXX compiler ABI info
-- Detecting CXX compiler ABI info - done
-- Detecting CXX compile features
-- Detecting CXX compile features - done
-- Found ament_cmake: 0.9.9 (/opt/ros/foxy/share/ament_cmake/cmake)
-- Found PythonInterp: /usr/bin/python3 (found suitable version "3.8.10", minimum required is "3") 
-- Using PYTHON_EXECUTABLE: /usr/bin/python3
-- Found ament_lint_auto: 0.9.6 (/opt/ros/foxy/share/ament_lint_auto/cmake)
-- Added test 'copyright' to check source files copyright and LICENSE
-- Added test 'flake8' to check Python code syntax and style conventions
-- Added test 'lint_cmake' to check CMake code style
-- Added test 'pep257' to check Python code against some of the style conventions in PEP 257
-- Added test 'xmllint' to check XML markup files
-- Configuring done
-- Generating done
-- Build files have been written to: /workspace/racecar_project/racecar_gazebo/build/racecar_realsense
-- Install configuration: ""
-- Installing: /workspace/racecar_project/racecar_gazebo/install/racecar_realsense/share/ament_index/resource_index/package_run_dependencies/racecar_realsense
-- Installing: /workspace/racecar_project/racecar_gazebo/install/racecar_realsense/share/ament_index/resource_index/parent_prefix_path/racecar_realsense
-- Installing: /workspace/racecar_project/racecar_gazebo/install/racecar_realsense/share/racecar_realsense/environment/ament_prefix_path.sh
-- Installing: /workspace/racecar_project/racecar_gazebo/install/racecar_realsense/share/racecar_realsense/environment/ament_prefix_path.dsv
-- Installing: /workspace/racecar_project/racecar_gazebo/install/racecar_realsense/share/racecar_realsense/environment/path.sh
-- Installing: /workspace/racecar_project/racecar_gazebo/install/racecar_realsense/share/racecar_realsense/environment/path.dsv
-- Installing: /workspace/racecar_project/racecar_gazebo/install/racecar_realsense/share/racecar_realsense/local_setup.bash
-- Installing: /workspace/racecar_project/racecar_gazebo/install/racecar_realsense/share/racecar_realsense/local_setup.sh
-- Installing: /workspace/racecar_project/racecar_gazebo/install/racecar_realsense/share/racecar_realsense/local_setup.zsh
-- Installing: /workspace/racecar_project/racecar_gazebo/install/racecar_realsense/share/racecar_realsense/local_setup.dsv
-- Installing: /workspace/racecar_project/racecar_gazebo/install/racecar_realsense/share/racecar_realsense/package.dsv
-- Installing: /workspace/racecar_project/racecar_gazebo/install/racecar_realsense/share/ament_index/resource_index/packages/racecar_realsense
-- Installing: /workspace/racecar_project/racecar_gazebo/install/racecar_realsense/share/racecar_realsense/cmake/racecar_realsenseConfig.cmake
-- Installing: /workspace/racecar_project/racecar_gazebo/install/racecar_realsense/share/racecar_realsense/cmake/racecar_realsenseConfig-version.cmake
-- Installing: /workspace/racecar_project/racecar_gazebo/install/racecar_realsense/share/racecar_realsense/package.xml
